[0m14:07:13.909629 [debug] [MainThread]: Sending event: {'category': 'dbt', 'action': 'invocation', 'label': 'start', 'context': [<snowplow_tracker.self_describing_json.SelfDescribingJson object at 0x7cb8ead67c20>, <snowplow_tracker.self_describing_json.SelfDescribingJson object at 0x7cb8ec279640>, <snowplow_tracker.self_describing_json.SelfDescribingJson object at 0x7cb8ea034320>]}


============================== 14:07:13.912055 | 82706003-b655-4c89-8cf4-5cfaf62d04b1 ==============================
[0m14:07:13.912055 [info ] [MainThread]: Running with dbt=1.9.4
[0m14:07:13.912512 [debug] [MainThread]: running dbt with arguments {'printer_width': '80', 'indirect_selection': 'eager', 'write_json': 'True', 'log_cache_events': 'False', 'partial_parse': 'True', 'cache_selected_only': 'False', 'warn_error': 'None', 'debug': 'False', 'version_check': 'True', 'log_path': 'logs', 'fail_fast': 'False', 'profiles_dir': '/home/vlls3rkr/.dbt', 'use_colors': 'True', 'use_experimental_parser': 'False', 'empty': 'None', 'quiet': 'False', 'no_print': 'None', 'warn_error_options': 'WarnErrorOptions(include=[], exclude=[])', 'introspect': 'True', 'static_parser': 'True', 'invocation_command': 'dbt init', 'target_path': 'None', 'log_format': 'default', 'send_anonymous_usage_stats': 'True'}
[0m14:07:18.939373 [debug] [MainThread]: Starter project path: /home/vlls3rkr/anaconda3/envs/aneel/lib/python3.12/site-packages/dbt/include/starter_project
[0m14:07:18.943666 [info ] [MainThread]: 
Your new dbt project "aneel_dw" was created!

For more information on how to configure the profiles.yml file,
please consult the dbt documentation here:

  https://docs.getdbt.com/docs/configure-your-profile

One more thing:

Need help? Don't hesitate to reach out to us via GitHub issues or on Slack:

  https://community.getdbt.com/

Happy modeling!

[0m14:07:18.944516 [info ] [MainThread]: Setting up your profile.
[0m14:08:39.063119 [info ] [MainThread]: Profile aneel_dw written to /home/vlls3rkr/.dbt/profiles.yml using target's profile_template.yml and your supplied values. Run 'dbt debug' to validate the connection.
[0m14:08:39.064212 [debug] [MainThread]: Resource report: {"command_name": "init", "command_success": true, "command_wall_clock_time": 85.19214, "process_in_blocks": "0", "process_kernel_time": 0.127708, "process_mem_max_rss": "201732", "process_out_blocks": "88", "process_user_time": 2.05332}
[0m14:08:39.064824 [debug] [MainThread]: Command `dbt init` succeeded at 14:08:39.064711 after 85.19 seconds
[0m14:08:39.065214 [debug] [MainThread]: Sending event: {'category': 'dbt', 'action': 'invocation', 'label': 'end', 'context': [<snowplow_tracker.self_describing_json.SelfDescribingJson object at 0x7cb8e9d10c20>, <snowplow_tracker.self_describing_json.SelfDescribingJson object at 0x7cb8e9b63890>, <snowplow_tracker.self_describing_json.SelfDescribingJson object at 0x7cb8c84d6510>]}
[0m14:08:39.065617 [debug] [MainThread]: Flushing usage events
[0m14:08:39.929362 [debug] [MainThread]: An error was encountered while trying to flush usage events
